autoscan: warning: missing AC_CHECK_FUNCS([bzero]) wanted by: 
	src/cbr_rewrite.c:35
	src/chunk_phase.c:15
	src/trace_phase.c:44
autoscan: warning: missing AC_CHECK_FUNCS([memmove]) wanted by: 
	src/chunk_phase.c:60
	src/index/kvstore_htable.c:50
	src/index/kvstore_htable.c:180
	src/index/sampling_method.c:118
	src/picture_dedup/minilzo.c:4258
	src/utils/sds.c:364
	src/utils/sds.c:411
autoscan: warning: missing AC_CHECK_FUNCS([memset]) wanted by: 
	src/destor.c:367
	src/do_restore.c:207
	src/hash_phase.c:38
	src/index/sampling_method.c:71
	src/index/sampling_method.c:104
	src/index/sampling_method.c:165
	src/index/sampling_method.c:203
	src/index/sampling_method.c:236
	src/picture_dedup/minilzo.c:4271
	src/recipe/recipestore.c:329
	src/storage/containerstore.c:174
	src/utils/rabin_chunking.c:226
	src/utils/rabin_chunking.c:231
	src/utils/rabin_chunking.c:232
	src/utils/rabin_chunking.c:254
	src/utils/sds.c:224
autoscan: warning: missing AC_CHECK_FUNCS([mkdir]) wanted by: 
	src/do_restore.c:129
	src/do_restore.c:174
autoscan: warning: missing AC_CHECK_FUNCS([strcasecmp]) wanted by: 
	src/config.c:11
	src/config.c:13
	src/config.c:46
	src/config.c:49
	src/config.c:50
	src/config.c:52
	src/config.c:54
	src/config.c:56
	src/config.c:62
	src/config.c:63
	src/config.c:65
	src/config.c:67
	src/config.c:69
	src/config.c:75
	src/config.c:76
	src/config.c:78
	src/config.c:80
	src/config.c:86
	src/config.c:93
	src/config.c:95
	src/config.c:97
	src/config.c:98
	src/config.c:100
	src/config.c:107
	src/config.c:109
	src/config.c:117
	src/config.c:121
	src/config.c:125
	src/config.c:129
	src/config.c:133
	src/config.c:137
	src/config.c:146
	src/config.c:149
	src/config.c:151
	src/config.c:157
	src/config.c:160
	src/config.c:163
	src/config.c:166
	src/config.c:168
	src/config.c:170
	src/config.c:172
	src/config.c:174
	src/config.c:186
	src/config.c:188
	src/config.c:190
	src/config.c:192
	src/config.c:203
	src/config.c:207
	src/config.c:210
	src/config.c:212
	src/config.c:216
	src/config.c:222
	src/config.c:224
	src/config.c:225
	src/config.c:227
	src/config.c:228
	src/config.c:231
	src/config.c:232
	src/config.c:234
	src/config.c:235
	src/config.c:248
	src/config.c:251
	src/config.c:254
	src/config.c:257
	src/config.c:259
	src/config.c:262
	src/config.c:265
	src/config.c:268
	src/config.c:271
	src/config.c:274
	src/config.c:277
	src/config.c:278
	src/config.c:280
	src/config.c:281
	src/config.c:283
	src/config.c:284
	src/config.c:292
	src/config.c:295
autoscan: warning: missing AC_CHECK_FUNCS([strchr]) wanted by: 
	src/do_restore.c:122
	src/do_restore.c:167
	src/utils/sds.c:361
	src/utils/sds.c:362
autoscan: warning: missing AC_CHECK_HEADERS([limits.h]) wanted by: 
	src/picture_dedup/lzoconf.h:40
	src/picture_dedup/minilzo.c:45
	src/picture_dedup/minilzo.c:3186
	src/picture_dedup/minilzo.h:48
autoscan: warning: missing AC_CHECK_HEADERS([stddef.h]) wanted by: 
	src/picture_dedup/lzoconf.h:41
	src/picture_dedup/minilzo.c:46
	src/picture_dedup/minilzo.c:3187
	src/picture_dedup/minilzo.h:49
autoscan: warning: missing AC_CHECK_TYPES([ptrdiff_t]) wanted by: 
	src/picture_dedup/lzoconf.h:192
	src/picture_dedup/lzoconf.h:371
	src/picture_dedup/lzodefs.h:2351
	src/picture_dedup/minilzo.c:2371
	src/picture_dedup/minilzo.c:3999
autoscan: warning: missing AC_FUNC_REALLOC wanted by: 
	src/utils/sds.c:141
	src/utils/sds.c:158
	src/utils/sds.c:489
	src/utils/sds.c:717
autoscan: warning: missing AC_TYPE_INT16_T wanted by: 
	src/utils/serial.c:18
	src/utils/serial.c:20
	src/utils/serial.c:105
	src/utils/serial.c:107
	src/utils/serial.h:5
	src/utils/serial.h:15
autoscan: warning: missing AC_TYPE_UINT16_T wanted by: 
	src/utils/serial.c:28
	src/utils/serial.c:30
	src/utils/serial.c:116
	src/utils/serial.c:118
	src/utils/serial.h:6
	src/utils/serial.h:16
